<?xml version="1.0" encoding="utf-8"?><testsuites name="pytest tests"><testsuite name="pytest" errors="0" failures="0" skipped="0" tests="12" time="1.281" timestamp="2026-07-20T17:34:02.411690+00:00" hostname="agent-env-c468632a-1f92-4c5d-8990-8d4fa0d7802e"><testcase classname="backend.tests.test_tools_and_pexels.TestToolStatusFailOpen" name="test_known_tool_status_200_and_enabled[dpd]" time="0.237" /><testcase classname="backend.tests.test_tools_and_pexels.TestToolStatusFailOpen" name="test_known_tool_status_200_and_enabled[printer]" time="0.051" /><testcase classname="backend.tests.test_tools_and_pexels.TestToolStatusFailOpen" name="test_known_tool_status_200_and_enabled[sscreen]" time="0.050" /><testcase classname="backend.tests.test_tools_and_pexels.TestToolStatusFailOpen" name="test_known_tool_status_200_and_enabled[wea]" time="0.052" /><testcase classname="backend.tests.test_tools_and_pexels.TestToolStatusFailOpen" name="test_known_tool_status_200_and_enabled[password]" time="0.053" /><testcase classname="backend.tests.test_tools_and_pexels.TestToolStatusFailOpen" name="test_unknown_tool_status_fail_open" time="0.050" /><testcase classname="backend.tests.test_tools_and_pexels.TestPexelsProxy" name="test_photos_ok" time="0.191" /><testcase classname="backend.tests.test_tools_and_pexels.TestPexelsProxy" name="test_photos_cache_second_call" time="0.046" /><testcase classname="backend.tests.test_tools_and_pexels.TestPexelsProxy" name="test_videos_ok" time="0.288" /><testcase classname="backend.tests.test_tools_and_pexels.TestPexelsProxy" name="test_videos_cache_second_call" time="0.046" /><testcase classname="backend.tests.test_tools_and_pexels.TestSeoAssets" name="test_robots_txt" time="0.049" /><testcase classname="backend.tests.test_tools_and_pexels.TestSeoAssets" name="test_sitemap_xml" time="0.057" /></testsuite></testsuites>